2018-04-07 12:48:12 [POST][http://x46.com/admin/admin/operate?parent.id=&][::1][-][251602631709cd426f7a67c5ecd8c5c6][error][yii\db\Exception] exception 'PDOException' with message 'SQLSTATE[HY000] [1045] Access denied for user 'root'@'localhost' (using password: NO)' in /Applications/MAMP/htdocs/x46/vendor/yiisoft/yii2/db/Connection.php:600
Stack trace:
#0 /Applications/MAMP/htdocs/x46/vendor/yiisoft/yii2/db/Connection.php(600): PDO->__construct('mysql:host=127....', 'root', '', NULL)
#1 /Applications/MAMP/htdocs/x46/vendor/yiisoft/yii2/db/Connection.php(542): yii\db\Connection->createPdoInstance()
#2 /Applications/MAMP/htdocs/x46/vendor/yiisoft/yii2/db/Connection.php(861): yii\db\Connection->open()
#3 /Applications/MAMP/htdocs/x46/vendor/yiisoft/yii2/db/Connection.php(848): yii\db\Connection->getMasterPdo()
#4 /Applications/MAMP/htdocs/x46/vendor/yiisoft/yii2/db/Command.php(219): yii\db\Connection->getSlavePdo()
#5 /Applications/MAMP/htdocs/x46/vendor/yiisoft/yii2/db/Command.php(894): yii\db\Command->prepare(true)
#6 /Applications/MAMP/htdocs/x46/vendor/yiisoft/yii2/db/Command.php(362): yii\db\Command->queryInternal('fetchAll', NULL)
#7 /Applications/MAMP/htdocs/x46/vendor/yiisoft/yii2/db/mysql/Schema.php(198): yii\db\Command->queryAll()
#8 /Applications/MAMP/htdocs/x46/vendor/yiisoft/yii2/db/mysql/Schema.php(97): yii\db\mysql\Schema->findColumns(Object(yii\db\TableSchema))
#9 /Applications/MAMP/htdocs/x46/vendor/yiisoft/yii2/db/Schema.php(149): yii\db\mysql\Schema->loadTableSchema('admin_user')
#10 /Applications/MAMP/htdocs/x46/vendor/yiisoft/yii2/db/ActiveRecord.php(296): yii\db\Schema->getTableSchema('{{%admin_user}}')
#11 /Applications/MAMP/htdocs/x46/vendor/yiisoft/yii2/db/ActiveRecord.php(320): yii\db\ActiveRecord::getTableSchema()
#12 /Applications/MAMP/htdocs/x46/vendor/yiisoft/yii2/db/ActiveRecord.php(176): yii\db\ActiveRecord::primaryKey()
#13 /Applications/MAMP/htdocs/x46/vendor/yiisoft/yii2/db/BaseActiveRecord.php(107): yii\db\ActiveRecord::findByCondition(1)
#14 /Applications/MAMP/htdocs/x46/common/components/Identity.php(84): yii\db\BaseActiveRecord::findOne(1)
#15 /Applications/MAMP/htdocs/x46/vendor/yiisoft/yii2/web/User.php(632): common\components\Identity::findIdentity(1)
#16 /Applications/MAMP/htdocs/x46/vendor/yiisoft/yii2/web/User.php(181): yii\web\User->renewAuthStatus()
#17 /Applications/MAMP/htdocs/x46/vendor/yiisoft/yii2/web/User.php(351): yii\web\User->getIdentity()
#18 /Applications/MAMP/htdocs/x46/vendor/yiisoft/yii2/base/Component.php(130): yii\web\User->getIsGuest()
#19 /Applications/MAMP/htdocs/x46/common/components/Module.php(54): yii\base\Component->__get('isGuest')
#20 /Applications/MAMP/htdocs/x46/vendor/yiisoft/yii2/base/Controller.php(148): common\components\Module->beforeAction(Object(yii\base\InlineAction))
#21 /Applications/MAMP/htdocs/x46/vendor/yiisoft/yii2/base/Module.php(454): yii\base\Controller->runAction('operate', Array)
#22 /Applications/MAMP/htdocs/x46/vendor/yiisoft/yii2/web/Application.php(84): yii\base\Module->runAction('admin/admin/ope...', Array)
#23 /Applications/MAMP/htdocs/x46/vendor/yiisoft/yii2/base/Application.php(375): yii\web\Application->handleRequest(Object(yii\web\Request))
#24 /Applications/MAMP/htdocs/x46/frontend/web/index.php(18): yii\base\Application->run()
#25 {main}

Next exception 'yii\db\Exception' with message 'SQLSTATE[HY000] [1045] Access denied for user 'root'@'localhost' (using password: NO)' in /Applications/MAMP/htdocs/x46/vendor/yiisoft/yii2/db/Connection.php:547
Stack trace:
#0 /Applications/MAMP/htdocs/x46/vendor/yiisoft/yii2/db/Connection.php(861): yii\db\Connection->open()
#1 /Applications/MAMP/htdocs/x46/vendor/yiisoft/yii2/db/Connection.php(848): yii\db\Connection->getMasterPdo()
#2 /Applications/MAMP/htdocs/x46/vendor/yiisoft/yii2/db/Command.php(219): yii\db\Connection->getSlavePdo()
#3 /Applications/MAMP/htdocs/x46/vendor/yiisoft/yii2/db/Command.php(894): yii\db\Command->prepare(true)
#4 /Applications/MAMP/htdocs/x46/vendor/yiisoft/yii2/db/Command.php(362): yii\db\Command->queryInternal('fetchAll', NULL)
#5 /Applications/MAMP/htdocs/x46/vendor/yiisoft/yii2/db/mysql/Schema.php(198): yii\db\Command->queryAll()
#6 /Applications/MAMP/htdocs/x46/vendor/yiisoft/yii2/db/mysql/Schema.php(97): yii\db\mysql\Schema->findColumns(Object(yii\db\TableSchema))
#7 /Applications/MAMP/htdocs/x46/vendor/yiisoft/yii2/db/Schema.php(149): yii\db\mysql\Schema->loadTableSchema('admin_user')
#8 /Applications/MAMP/htdocs/x46/vendor/yiisoft/yii2/db/ActiveRecord.php(296): yii\db\Schema->getTableSchema('{{%admin_user}}')
#9 /Applications/MAMP/htdocs/x46/vendor/yiisoft/yii2/db/ActiveRecord.php(320): yii\db\ActiveRecord::getTableSchema()
#10 /Applications/MAMP/htdocs/x46/vendor/yiisoft/yii2/db/ActiveRecord.php(176): yii\db\ActiveRecord::primaryKey()
#11 /Applications/MAMP/htdocs/x46/vendor/yiisoft/yii2/db/BaseActiveRecord.php(107): yii\db\ActiveRecord::findByCondition(1)
#12 /Applications/MAMP/htdocs/x46/common/components/Identity.php(84): yii\db\BaseActiveRecord::findOne(1)
#13 /Applications/MAMP/htdocs/x46/vendor/yiisoft/yii2/web/User.php(632): common\components\Identity::findIdentity(1)
#14 /Applications/MAMP/htdocs/x46/vendor/yiisoft/yii2/web/User.php(181): yii\web\User->renewAuthStatus()
#15 /Applications/MAMP/htdocs/x46/vendor/yiisoft/yii2/web/User.php(351): yii\web\User->getIdentity()
#16 /Applications/MAMP/htdocs/x46/vendor/yiisoft/yii2/base/Component.php(130): yii\web\User->getIsGuest()
#17 /Applications/MAMP/htdocs/x46/common/components/Module.php(54): yii\base\Component->__get('isGuest')
#18 /Applications/MAMP/htdocs/x46/vendor/yiisoft/yii2/base/Controller.php(148): common\components\Module->beforeAction(Object(yii\base\InlineAction))
#19 /Applications/MAMP/htdocs/x46/vendor/yiisoft/yii2/base/Module.php(454): yii\base\Controller->runAction('operate', Array)
#20 /Applications/MAMP/htdocs/x46/vendor/yiisoft/yii2/web/Application.php(84): yii\base\Module->runAction('admin/admin/ope...', Array)
#21 /Applications/MAMP/htdocs/x46/vendor/yiisoft/yii2/base/Application.php(375): yii\web\Application->handleRequest(Object(yii\web\Request))
#22 /Applications/MAMP/htdocs/x46/frontend/web/index.php(18): yii\base\Application->run()
#23 {main}
Additional Information:

